<?xml version="1.0" encoding="UTF-8"?>
<!-- Generated by org.testng.reporters.JUnitReportReporter -->
<testsuite hostname="Magl" name="cn.taoche.Test.App_init" tests="1" failures="0" timestamp="22 Jun 2017 15:23:20 GMT" time="35.533" errors="0">
  <testcase name="Test_Startup" time="35.533" classname="cn.taoche.Test.App_init"/>
</testsuite> <!-- cn.taoche.Test.App_init -->
