<?xml version="1.0" encoding="UTF-8"?>
<!-- Generated by org.testng.reporters.JUnitReportReporter -->
<testsuite hostname="JK5P2H2" name="cn.taoche.Test.App_init" tests="1" failures="0" timestamp="23 Jun 2017 03:58:39 GMT" time="30.310" errors="0">
  <testcase name="Test_Startup" time="30.310" classname="cn.taoche.Test.App_init"/>
</testsuite> <!-- cn.taoche.Test.App_init -->
